<?xml version="1.0" encoding="UTF-8"?>
<testng-results ignored="0" total="1" passed="1" failed="0" skipped="0">
  <reporter-output>
  </reporter-output>
  <suite started-at="2018-08-27T10:03:46Z" name="Default suite" finished-at="2018-08-27T10:03:51Z" duration-ms="4465">
    <groups>
      <group name="cucumber">
        <method signature="AbstractTestNGCucumberTests.feature(cucumber.api.testng.CucumberFeatureWrapper)[pri:0, instance:runner.TestNgRunner@7ef82753]" name="feature" class="cucumber.api.testng.AbstractTestNGCucumberTests"/>
      </group> <!-- cucumber -->
    </groups>
    <test started-at="2018-08-27T10:03:46Z" name="Default test" finished-at="2018-08-27T10:03:51Z" duration-ms="4465">
      <class name="runner.TestNgRunner">
        <test-method is-config="true" signature="setUpClass()[pri:0, instance:runner.TestNgRunner@7ef82753]" started-at="2018-08-27T10:03:46Z" name="setUpClass" finished-at="2018-08-27T10:03:46Z" duration-ms="157" status="PASS">
          <reporter-output>
          </reporter-output>
        </test-method> <!-- setUpClass -->
        <test-method signature="feature(cucumber.api.testng.CucumberFeatureWrapper)[pri:0, instance:runner.TestNgRunner@7ef82753]" started-at="2018-08-27T10:03:47Z" name="feature" description="Runs Cucumber Feature" data-provider="features" finished-at="2018-08-27T10:03:51Z" duration-ms="4234" status="PASS">
          <params>
            <param index="0">
              <value>
                <![CDATA[Login Feature]]>
              </value>
            </param>
          </params>
          <reporter-output>
          </reporter-output>
        </test-method> <!-- feature -->
        <test-method is-config="true" signature="tearDownClass()[pri:0, instance:runner.TestNgRunner@7ef82753]" started-at="2018-08-27T10:03:51Z" name="tearDownClass" finished-at="2018-08-27T10:03:51Z" duration-ms="7" status="PASS">
          <reporter-output>
          </reporter-output>
        </test-method> <!-- tearDownClass -->
      </class> <!-- runner.TestNgRunner -->
    </test> <!-- Default test -->
  </suite> <!-- Default suite -->
</testng-results>
